[2019-11-21 10:05:04,992] [basehttp.py:124] [basehttp:log_message] [INFO]- "OPTIONS /v1/users/right?id=20 HTTP/1.1" 200 0
[2019-11-21 10:05:05,075] [basehttp.py:124] [basehttp:log_message] [INFO]- "GET /v1/users/right?id=20 HTTP/1.1" 200 2741
[2019-11-21 10:05:05,087] [basehttp.py:124] [basehttp:log_message] [INFO]- "OPTIONS /v1/dict_con/type?type_list=1 HTTP/1.1" 200 0
[2019-11-21 10:05:05,102] [basehttp.py:124] [basehttp:log_message] [INFO]- "GET /v1/dict_con/type?type_list=1 HTTP/1.1" 200 1447
[2019-11-21 10:05:05,125] [basehttp.py:124] [basehttp:log_message] [INFO]- "OPTIONS /v1/users/right?page=1 HTTP/1.1" 200 0
[2019-11-21 10:05:05,133] [basehttp.py:124] [basehttp:log_message] [INFO]- "OPTIONS /v1/users/user?page=1 HTTP/1.1" 200 0
[2019-11-21 10:05:05,195] [basehttp.py:124] [basehttp:log_message] [INFO]- "GET /v1/users/user?page=1 HTTP/1.1" 200 685
[2019-11-21 10:05:05,196] [basehttp.py:124] [basehttp:log_message] [INFO]- "GET /v1/users/right?page=1 HTTP/1.1" 200 2162
[2019-11-21 10:05:54,997] [basehttp.py:124] [basehttp:log_message] [INFO]- "GET /admin/ HTTP/1.1" 200 8681
[2019-11-21 10:05:55,620] [basehttp.py:124] [basehttp:log_message] [INFO]- "GET /admin/ HTTP/1.1" 200 8681
[2019-11-21 10:05:55,867] [basehttp.py:124] [basehttp:log_message] [INFO]- "GET /static/admin/img/icon-deletelink.svg HTTP/1.1" 304 0
[2019-11-21 10:05:55,978] [base.py:152] [base:get_response] [WARNING]- Not Found: /favicon.ico
[2019-11-21 10:05:55,979] [basehttp.py:124] [basehttp:log_message] [WARNING]- "GET /favicon.ico HTTP/1.1" 404 2297
[2019-11-21 10:06:03,027] [basehttp.py:124] [basehttp:log_message] [INFO]- "GET /admin/users/trole/ HTTP/1.1" 200 5205
[2019-11-21 10:06:03,045] [basehttp.py:124] [basehttp:log_message] [INFO]- "GET /admin/jsi18n/ HTTP/1.1" 200 7682
[2019-11-21 10:06:03,193] [basehttp.py:124] [basehttp:log_message] [INFO]- "GET /static/admin/js/vendor/jquery/jquery.js HTTP/1.1" 200 258648
[2019-11-21 10:06:06,855] [basehttp.py:124] [basehttp:log_message] [INFO]- "GET /admin/users/trole/1/change/ HTTP/1.1" 200 7780
[2019-11-21 10:06:06,892] [basehttp.py:124] [basehttp:log_message] [INFO]- "GET /static/admin/css/forms.css HTTP/1.1" 304 0
[2019-11-21 10:06:06,892] [basehttp.py:124] [basehttp:log_message] [INFO]- "GET /admin/jsi18n/ HTTP/1.1" 200 7682
[2019-11-21 10:06:06,895] [basehttp.py:124] [basehttp:log_message] [INFO]- "GET /static/admin/js/prepopulate_init.js HTTP/1.1" 304 0
[2019-11-21 10:06:06,895] [basehttp.py:124] [basehttp:log_message] [INFO]- "GET /static/admin/js/change_form.js HTTP/1.1" 304 0
[2019-11-21 10:06:06,901] [basehttp.py:124] [basehttp:log_message] [INFO]- "GET /static/admin/css/widgets.css HTTP/1.1" 304 0
