[2019-11-23 02:24:20,063] [basehttp.py:124] [basehttp:log_message] [INFO]- "GET /v1/base_dict/jurisdiction?pid=30 HTTP/1.1" 200 887
[2019-11-23 02:24:20,213] [basehttp.py:124] [basehttp:log_message] [INFO]- "GET /v1/base_dict/users?page=1 HTTP/1.1" 200 498
[2019-11-23 02:24:20,215] [basehttp.py:124] [basehttp:log_message] [INFO]- "GET /v1/base_dict/ofroles HTTP/1.1" 200 468
[2019-11-23 02:27:17,949] [basehttp.py:124] [basehttp:log_message] [INFO]- "GET /v1/base_dict/jurisdiction?pid=30 HTTP/1.1" 200 887
[2019-11-23 02:27:18,069] [basehttp.py:124] [basehttp:log_message] [INFO]- "GET /v1/base_dict/ofroles HTTP/1.1" 200 468
[2019-11-23 02:27:18,077] [basehttp.py:124] [basehttp:log_message] [INFO]- "GET /v1/base_dict/users?page=1 HTTP/1.1" 200 498
[2019-11-23 02:27:21,135] [basehttp.py:124] [basehttp:log_message] [INFO]- "GET /v1/base_dict/users?page=1&roles=42 HTTP/1.1" 200 324
[2019-11-23 02:27:22,438] [basehttp.py:124] [basehttp:log_message] [INFO]- "GET /v1/base_dict/users?page=1&roles=40 HTTP/1.1" 200 327
[2019-11-23 02:27:25,747] [basehttp.py:124] [basehttp:log_message] [INFO]- "GET /v1/base_dict/users?page=1&roles=40 HTTP/1.1" 200 327
[2019-11-23 02:27:26,644] [basehttp.py:124] [basehttp:log_message] [INFO]- "GET /v1/base_dict/users?page=1&roles=42 HTTP/1.1" 200 324
[2019-11-23 02:27:27,770] [basehttp.py:124] [basehttp:log_message] [INFO]- "GET /v1/base_dict/users?page=1&roles=40 HTTP/1.1" 200 327
[2019-11-23 02:27:31,101] [basehttp.py:124] [basehttp:log_message] [INFO]- "GET /v1/base_dict/jurisdiction?pid=30 HTTP/1.1" 200 887
[2019-11-23 02:27:31,403] [basehttp.py:124] [basehttp:log_message] [INFO]- "GET /v1/base_dict/users?page=1 HTTP/1.1" 200 498
[2019-11-23 02:27:31,535] [basehttp.py:124] [basehttp:log_message] [INFO]- "GET /v1/base_dict/ofroles HTTP/1.1" 200 468
[2019-11-23 02:30:41,605] [basehttp.py:124] [basehttp:log_message] [INFO]- "GET /v1/base_dict/jurisdiction?pid=30 HTTP/1.1" 200 887
[2019-11-23 02:30:41,780] [basehttp.py:124] [basehttp:log_message] [INFO]- "GET /v1/base_dict/users?page=1 HTTP/1.1" 200 498
[2019-11-23 02:30:41,791] [basehttp.py:124] [basehttp:log_message] [INFO]- "GET /v1/base_dict/ofroles HTTP/1.1" 200 468
[2019-11-23 02:30:48,389] [basehttp.py:124] [basehttp:log_message] [INFO]- "GET /v1/base_dict/users?page=1&roles=40 HTTP/1.1" 200 327
[2019-11-23 02:30:50,578] [basehttp.py:124] [basehttp:log_message] [INFO]- "GET /v1/base_dict/users?page=1&roles=42 HTTP/1.1" 200 324
[2019-11-23 02:30:52,085] [basehttp.py:124] [basehttp:log_message] [INFO]- "GET /v1/base_dict/users?page=1 HTTP/1.1" 200 498
[2019-11-23 02:31:07,907] [basehttp.py:124] [basehttp:log_message] [INFO]- "GET /v1/base_dict/ofroles HTTP/1.1" 200 468
[2019-11-23 02:34:30,320] [basehttp.py:124] [basehttp:log_message] [INFO]- "GET /v1/base_dict/jurisdiction?type=1 HTTP/1.1" 200 4502
[2019-11-23 02:34:30,482] [basehttp.py:124] [basehttp:log_message] [INFO]- "GET /v1/base_dict/type?pid=1 HTTP/1.1" 200 248
[2019-11-23 02:34:30,935] [basehttp.py:124] [basehttp:log_message] [INFO]- "GET /v1/base_dict/jurisdiction?pid=30 HTTP/1.1" 200 887
[2019-11-23 02:34:31,166] [basehttp.py:124] [basehttp:log_message] [INFO]- "GET /v1/base_dict/ofroles HTTP/1.1" 200 468
[2019-11-23 02:34:31,166] [basehttp.py:124] [basehttp:log_message] [INFO]- "GET /v1/base_dict/users?page=1 HTTP/1.1" 200 498
[2019-11-23 02:34:35,512] [basehttp.py:124] [basehttp:log_message] [INFO]- "GET /v1/base_dict/ofroles HTTP/1.1" 200 468
[2019-11-23 02:35:21,891] [basehttp.py:124] [basehttp:log_message] [INFO]- "GET /v1/base_dict/jurisdiction?pid=30 HTTP/1.1" 200 887
[2019-11-23 02:35:22,013] [basehttp.py:124] [basehttp:log_message] [INFO]- "GET /v1/base_dict/ofroles HTTP/1.1" 200 468
[2019-11-23 02:35:22,017] [basehttp.py:124] [basehttp:log_message] [INFO]- "GET /v1/base_dict/users?page=1 HTTP/1.1" 200 498
[2019-11-23 02:35:24,616] [basehttp.py:124] [basehttp:log_message] [INFO]- "GET /v1/base_dict/ofroles HTTP/1.1" 200 468
[2019-11-23 02:39:07,729] [basehttp.py:124] [basehttp:log_message] [INFO]- "GET /v1/base_dict/jurisdiction?pid=30 HTTP/1.1" 200 887
[2019-11-23 02:39:07,892] [basehttp.py:124] [basehttp:log_message] [INFO]- "GET /v1/base_dict/ofroles HTTP/1.1" 200 468
[2019-11-23 02:39:07,915] [basehttp.py:124] [basehttp:log_message] [INFO]- "GET /v1/base_dict/users?page=1 HTTP/1.1" 200 498
[2019-11-23 02:39:11,201] [basehttp.py:124] [basehttp:log_message] [INFO]- "GET /v1/base_dict/ofroles HTTP/1.1" 200 468
[2019-11-23 02:42:39,116] [basehttp.py:124] [basehttp:log_message] [INFO]- "GET /v1/base_dict/jurisdiction?pid=30 HTTP/1.1" 200 887
[2019-11-23 02:42:39,351] [basehttp.py:124] [basehttp:log_message] [INFO]- "GET /v1/base_dict/ofroles HTTP/1.1" 200 468
[2019-11-23 02:42:39,361] [basehttp.py:124] [basehttp:log_message] [INFO]- "GET /v1/base_dict/users?page=1 HTTP/1.1" 200 498
[2019-11-23 02:42:40,289] [basehttp.py:124] [basehttp:log_message] [INFO]- "GET /v1/base_dict/ofroles HTTP/1.1" 200 468
[2019-11-23 02:45:04,198] [basehttp.py:124] [basehttp:log_message] [INFO]- "GET /v1/base_dict/jurisdiction?pid=30 HTTP/1.1" 200 887
[2019-11-23 02:45:04,338] [basehttp.py:124] [basehttp:log_message] [INFO]- "GET /v1/base_dict/users?page=1 HTTP/1.1" 200 498
[2019-11-23 02:45:04,356] [basehttp.py:124] [basehttp:log_message] [INFO]- "GET /v1/base_dict/ofroles HTTP/1.1" 200 468
[2019-11-23 02:45:07,878] [basehttp.py:124] [basehttp:log_message] [INFO]- "GET /v1/base_dict/ofroles HTTP/1.1" 200 468
[2019-11-23 02:45:40,939] [basehttp.py:124] [basehttp:log_message] [INFO]- "GET /v1/base_dict/jurisdiction?pid=30 HTTP/1.1" 200 887
[2019-11-23 02:45:41,057] [basehttp.py:124] [basehttp:log_message] [INFO]- "GET /v1/base_dict/ofroles HTTP/1.1" 200 468
[2019-11-23 02:45:41,067] [basehttp.py:124] [basehttp:log_message] [INFO]- "GET /v1/base_dict/users?page=1 HTTP/1.1" 200 498
[2019-11-23 02:45:42,724] [basehttp.py:124] [basehttp:log_message] [INFO]- "GET /v1/base_dict/ofroles HTTP/1.1" 200 468
[2019-11-23 02:48:29,491] [basehttp.py:124] [basehttp:log_message] [INFO]- "GET /v1/base_dict/jurisdiction?pid=30 HTTP/1.1" 200 887
[2019-11-23 02:48:29,642] [basehttp.py:124] [basehttp:log_message] [INFO]- "GET /v1/base_dict/ofroles HTTP/1.1" 200 468
[2019-11-23 02:48:29,677] [basehttp.py:124] [basehttp:log_message] [INFO]- "GET /v1/base_dict/users?page=1 HTTP/1.1" 200 498
[2019-11-23 02:48:32,593] [basehttp.py:124] [basehttp:log_message] [INFO]- "GET /v1/base_dict/ofroles HTTP/1.1" 200 468
[2019-11-23 02:50:04,971] [basehttp.py:124] [basehttp:log_message] [INFO]- "GET /v1/base_dict/jurisdiction?pid=30 HTTP/1.1" 200 887
[2019-11-23 02:50:05,105] [basehttp.py:124] [basehttp:log_message] [INFO]- "GET /v1/base_dict/users?page=1 HTTP/1.1" 200 498
[2019-11-23 02:50:05,123] [basehttp.py:124] [basehttp:log_message] [INFO]- "GET /v1/base_dict/ofroles HTTP/1.1" 200 468
[2019-11-23 02:50:06,932] [basehttp.py:124] [basehttp:log_message] [INFO]- "GET /v1/base_dict/ofroles HTTP/1.1" 200 468
[2019-11-23 02:51:39,693] [basehttp.py:124] [basehttp:log_message] [INFO]- "GET /v1/base_dict/jurisdiction?pid=30 HTTP/1.1" 200 887
[2019-11-23 02:51:39,863] [basehttp.py:124] [basehttp:log_message] [INFO]- "GET /v1/base_dict/ofroles HTTP/1.1" 200 468
[2019-11-23 02:51:39,894] [basehttp.py:124] [basehttp:log_message] [INFO]- "GET /v1/base_dict/users?page=1 HTTP/1.1" 200 498
[2019-11-23 02:51:42,250] [basehttp.py:124] [basehttp:log_message] [INFO]- "GET /v1/base_dict/ofroles HTTP/1.1" 200 468
[2019-11-23 02:52:22,167] [basehttp.py:124] [basehttp:log_message] [INFO]- "GET /v1/base_dict/jurisdiction?pid=30 HTTP/1.1" 200 887
[2019-11-23 02:52:22,319] [basehttp.py:124] [basehttp:log_message] [INFO]- "GET /v1/base_dict/users?page=1 HTTP/1.1" 200 498
[2019-11-23 02:52:22,339] [basehttp.py:124] [basehttp:log_message] [INFO]- "GET /v1/base_dict/ofroles HTTP/1.1" 200 468
[2019-11-23 02:52:25,487] [basehttp.py:124] [basehttp:log_message] [INFO]- "GET /v1/base_dict/ofroles HTTP/1.1" 200 468
[2019-11-23 02:53:21,838] [basehttp.py:124] [basehttp:log_message] [INFO]- "GET /v1/base_dict/jurisdiction?pid=30 HTTP/1.1" 200 887
[2019-11-23 02:53:21,970] [basehttp.py:124] [basehttp:log_message] [INFO]- "GET /v1/base_dict/ofroles HTTP/1.1" 200 468
[2019-11-23 02:53:21,989] [basehttp.py:124] [basehttp:log_message] [INFO]- "GET /v1/base_dict/users?page=1 HTTP/1.1" 200 498
[2019-11-23 02:53:26,015] [basehttp.py:124] [basehttp:log_message] [INFO]- "GET /v1/base_dict/ofroles HTTP/1.1" 200 468
[2019-11-23 02:54:43,955] [basehttp.py:124] [basehttp:log_message] [INFO]- "GET /v1/base_dict/jurisdiction?pid=30 HTTP/1.1" 200 887
[2019-11-23 02:54:44,100] [basehttp.py:124] [basehttp:log_message] [INFO]- "GET /v1/base_dict/users?page=1 HTTP/1.1" 200 498
[2019-11-23 02:54:44,104] [basehttp.py:124] [basehttp:log_message] [INFO]- "GET /v1/base_dict/ofroles HTTP/1.1" 200 468
[2019-11-23 02:54:46,678] [basehttp.py:124] [basehttp:log_message] [INFO]- "GET /v1/base_dict/ofroles HTTP/1.1" 200 468
[2019-11-23 02:55:25,244] [basehttp.py:124] [basehttp:log_message] [INFO]- "GET /v1/base_dict/jurisdiction?pid=30 HTTP/1.1" 200 887
[2019-11-23 02:55:25,391] [basehttp.py:124] [basehttp:log_message] [INFO]- "GET /v1/base_dict/ofroles HTTP/1.1" 200 468
[2019-11-23 02:55:25,401] [basehttp.py:124] [basehttp:log_message] [INFO]- "GET /v1/base_dict/users?page=1 HTTP/1.1" 200 498
[2019-11-23 02:55:27,570] [basehttp.py:124] [basehttp:log_message] [INFO]- "GET /v1/base_dict/ofroles HTTP/1.1" 200 468
[2019-11-23 02:56:38,943] [basehttp.py:124] [basehttp:log_message] [INFO]- "GET /v1/base_dict/jurisdiction?pid=30 HTTP/1.1" 200 887
[2019-11-23 02:56:39,078] [basehttp.py:124] [basehttp:log_message] [INFO]- "GET /v1/base_dict/ofroles HTTP/1.1" 200 468
[2019-11-23 02:56:39,106] [basehttp.py:124] [basehttp:log_message] [INFO]- "GET /v1/base_dict/users?page=1 HTTP/1.1" 200 498
[2019-11-23 02:56:40,905] [basehttp.py:124] [basehttp:log_message] [INFO]- "GET /v1/base_dict/ofroles HTTP/1.1" 200 468
[2019-11-23 02:56:54,139] [basehttp.py:124] [basehttp:log_message] [INFO]- "GET /v1/base_dict/jurisdiction?pid=30 HTTP/1.1" 200 887
[2019-11-23 02:56:54,344] [basehttp.py:124] [basehttp:log_message] [INFO]- "GET /v1/base_dict/users?page=1 HTTP/1.1" 200 498
[2019-11-23 02:56:54,344] [basehttp.py:124] [basehttp:log_message] [INFO]- "GET /v1/base_dict/ofroles HTTP/1.1" 200 468
[2019-11-23 02:56:57,839] [basehttp.py:124] [basehttp:log_message] [INFO]- "GET /v1/base_dict/ofroles HTTP/1.1" 200 468
[2019-11-23 02:58:19,194] [basehttp.py:124] [basehttp:log_message] [INFO]- "GET /v1/base_dict/jurisdiction?pid=30 HTTP/1.1" 200 887
[2019-11-23 02:58:19,339] [basehttp.py:124] [basehttp:log_message] [INFO]- "GET /v1/base_dict/ofroles HTTP/1.1" 200 468
[2019-11-23 02:58:19,347] [basehttp.py:124] [basehttp:log_message] [INFO]- "GET /v1/base_dict/users?page=1 HTTP/1.1" 200 498
[2019-11-23 02:58:21,529] [basehttp.py:124] [basehttp:log_message] [INFO]- "GET /v1/base_dict/ofroles HTTP/1.1" 200 468
[2019-11-23 02:59:13,929] [basehttp.py:124] [basehttp:log_message] [INFO]- "GET /v1/base_dict/jurisdiction?pid=30 HTTP/1.1" 200 887
[2019-11-23 02:59:14,044] [basehttp.py:124] [basehttp:log_message] [INFO]- "GET /v1/base_dict/users?page=1 HTTP/1.1" 200 498
[2019-11-23 02:59:14,062] [basehttp.py:124] [basehttp:log_message] [INFO]- "GET /v1/base_dict/ofroles HTTP/1.1" 200 468
[2019-11-23 02:59:16,452] [basehttp.py:124] [basehttp:log_message] [INFO]- "GET /v1/base_dict/ofroles HTTP/1.1" 200 468
[2019-11-23 03:00:27,475] [basehttp.py:124] [basehttp:log_message] [INFO]- "GET /v1/base_dict/jurisdiction?pid=30 HTTP/1.1" 200 887
[2019-11-23 03:00:27,656] [basehttp.py:124] [basehttp:log_message] [INFO]- "GET /v1/base_dict/ofroles HTTP/1.1" 200 468
[2019-11-23 03:00:27,657] [basehttp.py:124] [basehttp:log_message] [INFO]- "GET /v1/base_dict/users?page=1 HTTP/1.1" 200 498
[2019-11-23 03:00:29,344] [basehttp.py:124] [basehttp:log_message] [INFO]- "GET /v1/base_dict/ofroles HTTP/1.1" 200 468
[2019-11-23 03:00:36,828] [basehttp.py:124] [basehttp:log_message] [INFO]- "GET /v1/base_dict/jurisdiction?pid=30 HTTP/1.1" 200 887
[2019-11-23 03:00:36,988] [basehttp.py:124] [basehttp:log_message] [INFO]- "GET /v1/base_dict/ofroles HTTP/1.1" 200 468
[2019-11-23 03:00:37,019] [basehttp.py:124] [basehttp:log_message] [INFO]- "GET /v1/base_dict/users?page=1 HTTP/1.1" 200 498
[2019-11-23 03:00:45,559] [basehttp.py:124] [basehttp:log_message] [INFO]- "GET /v1/base_dict/ofroles HTTP/1.1" 200 468
[2019-11-23 03:01:07,028] [basehttp.py:124] [basehttp:log_message] [INFO]- "PUT /v1/base_dict/users HTTP/1.1" 200 62
[2019-11-23 03:02:42,694] [basehttp.py:124] [basehttp:log_message] [INFO]- "GET /v1/base_dict/jurisdiction?pid=30 HTTP/1.1" 200 887
[2019-11-23 03:02:42,872] [basehttp.py:124] [basehttp:log_message] [INFO]- "GET /v1/base_dict/users?page=1 HTTP/1.1" 200 498
[2019-11-23 03:02:42,880] [basehttp.py:124] [basehttp:log_message] [INFO]- "GET /v1/base_dict/ofroles HTTP/1.1" 200 468
[2019-11-23 03:02:45,633] [basehttp.py:124] [basehttp:log_message] [INFO]- "GET /v1/base_dict/ofroles HTTP/1.1" 200 468
[2019-11-23 03:02:55,383] [basehttp.py:124] [basehttp:log_message] [INFO]- "PUT /v1/base_dict/users HTTP/1.1" 200 62
[2019-11-23 03:04:36,440] [basehttp.py:124] [basehttp:log_message] [INFO]- "GET /v1/base_dict/jurisdiction?pid=30 HTTP/1.1" 200 887
[2019-11-23 03:04:36,612] [basehttp.py:124] [basehttp:log_message] [INFO]- "GET /v1/base_dict/users?page=1 HTTP/1.1" 200 498
[2019-11-23 03:04:36,653] [basehttp.py:124] [basehttp:log_message] [INFO]- "GET /v1/base_dict/ofroles HTTP/1.1" 200 468
[2019-11-23 03:04:40,186] [basehttp.py:124] [basehttp:log_message] [INFO]- "GET /v1/base_dict/ofroles HTTP/1.1" 200 468
[2019-11-23 03:07:00,566] [basehttp.py:124] [basehttp:log_message] [INFO]- "GET /v1/base_dict/jurisdiction?pid=30 HTTP/1.1" 200 887
[2019-11-23 03:07:00,716] [basehttp.py:124] [basehttp:log_message] [INFO]- "GET /v1/base_dict/ofroles HTTP/1.1" 200 468
[2019-11-23 03:07:00,725] [basehttp.py:124] [basehttp:log_message] [INFO]- "GET /v1/base_dict/users?page=1 HTTP/1.1" 200 498
[2019-11-23 03:07:03,468] [basehttp.py:124] [basehttp:log_message] [INFO]- "GET /v1/base_dict/ofroles HTTP/1.1" 200 468
[2019-11-23 03:08:46,947] [basehttp.py:124] [basehttp:log_message] [INFO]- "GET /v1/base_dict/jurisdiction?pid=30 HTTP/1.1" 200 887
[2019-11-23 03:08:47,131] [basehttp.py:124] [basehttp:log_message] [INFO]- "GET /v1/base_dict/ofroles HTTP/1.1" 200 468
[2019-11-23 03:08:47,134] [basehttp.py:124] [basehttp:log_message] [INFO]- "GET /v1/base_dict/users?page=1 HTTP/1.1" 200 498
[2019-11-23 03:08:49,226] [basehttp.py:124] [basehttp:log_message] [INFO]- "GET /v1/base_dict/ofroles HTTP/1.1" 200 468
[2019-11-23 03:08:51,910] [basehttp.py:124] [basehttp:log_message] [INFO]- "PUT /v1/base_dict/users HTTP/1.1" 200 13
[2019-11-23 03:08:52,033] [basehttp.py:124] [basehttp:log_message] [INFO]- "GET /v1/base_dict/users?page=1 HTTP/1.1" 200 498
[2019-11-23 03:08:53,592] [basehttp.py:124] [basehttp:log_message] [INFO]- "PUT /v1/base_dict/users HTTP/1.1" 200 62
[2019-11-23 03:09:00,116] [basehttp.py:124] [basehttp:log_message] [INFO]- "GET /v1/base_dict/jurisdiction?pid=30 HTTP/1.1" 200 887
[2019-11-23 03:09:00,276] [basehttp.py:124] [basehttp:log_message] [INFO]- "GET /v1/base_dict/ofroles HTTP/1.1" 200 468
[2019-11-23 03:09:00,299] [basehttp.py:124] [basehttp:log_message] [INFO]- "GET /v1/base_dict/users?page=1 HTTP/1.1" 200 498
[2019-11-23 03:09:06,732] [basehttp.py:124] [basehttp:log_message] [INFO]- "GET /v1/base_dict/jurisdiction?pid=30 HTTP/1.1" 200 887
[2019-11-23 03:09:06,888] [basehttp.py:124] [basehttp:log_message] [INFO]- "GET /v1/base_dict/ofroles HTTP/1.1" 200 468
[2019-11-23 03:09:06,918] [basehttp.py:124] [basehttp:log_message] [INFO]- "GET /v1/base_dict/users?page=1 HTTP/1.1" 200 498
[2019-11-23 03:09:09,892] [basehttp.py:124] [basehttp:log_message] [INFO]- "GET /v1/base_dict/ofroles HTTP/1.1" 200 468
[2019-11-23 03:09:17,807] [basehttp.py:124] [basehttp:log_message] [INFO]- "PUT /v1/base_dict/users HTTP/1.1" 200 13
[2019-11-23 03:09:17,972] [basehttp.py:124] [basehttp:log_message] [INFO]- "GET /v1/base_dict/users?page=1 HTTP/1.1" 200 498
[2019-11-23 03:09:51,178] [basehttp.py:124] [basehttp:log_message] [INFO]- "GET /v1/base_dict/jurisdiction?pid=30 HTTP/1.1" 200 887
[2019-11-23 03:09:51,378] [basehttp.py:124] [basehttp:log_message] [INFO]- "GET /v1/base_dict/users?page=1 HTTP/1.1" 200 498
[2019-11-23 03:09:51,381] [basehttp.py:124] [basehttp:log_message] [INFO]- "GET /v1/base_dict/ofroles HTTP/1.1" 200 468
[2019-11-23 03:11:57,611] [basehttp.py:124] [basehttp:log_message] [INFO]- "GET /v1/base_dict/jurisdiction?pid=30 HTTP/1.1" 200 887
[2019-11-23 03:11:57,771] [basehttp.py:124] [basehttp:log_message] [INFO]- "GET /v1/base_dict/ofroles HTTP/1.1" 200 468
[2019-11-23 03:11:57,781] [basehttp.py:124] [basehttp:log_message] [INFO]- "GET /v1/base_dict/users?page=1 HTTP/1.1" 200 498
[2019-11-23 03:12:02,879] [basehttp.py:124] [basehttp:log_message] [INFO]- "GET /v1/base_dict/ofroles HTTP/1.1" 200 468
[2019-11-23 03:12:06,114] [basehttp.py:124] [basehttp:log_message] [INFO]- "PUT /v1/base_dict/users HTTP/1.1" 200 13
[2019-11-23 03:12:06,249] [basehttp.py:124] [basehttp:log_message] [INFO]- "GET /v1/base_dict/users?page=1 HTTP/1.1" 200 498
[2019-11-23 03:12:09,816] [basehttp.py:124] [basehttp:log_message] [INFO]- "GET /v1/base_dict/jurisdiction?pid=30 HTTP/1.1" 200 887
[2019-11-23 03:12:10,033] [basehttp.py:124] [basehttp:log_message] [INFO]- "GET /v1/base_dict/ofroles HTTP/1.1" 200 468
[2019-11-23 03:12:10,042] [basehttp.py:124] [basehttp:log_message] [INFO]- "GET /v1/base_dict/users?page=1 HTTP/1.1" 200 498
[2019-11-23 03:12:56,590] [basehttp.py:124] [basehttp:log_message] [INFO]- "GET /v1/base_dict/jurisdiction?pid=30 HTTP/1.1" 200 887
[2019-11-23 03:12:56,727] [basehttp.py:124] [basehttp:log_message] [INFO]- "GET /v1/base_dict/users?page=1 HTTP/1.1" 200 498
[2019-11-23 03:12:56,734] [basehttp.py:124] [basehttp:log_message] [INFO]- "GET /v1/base_dict/ofroles HTTP/1.1" 200 468
[2019-11-23 03:13:03,778] [basehttp.py:124] [basehttp:log_message] [INFO]- "GET /v1/base_dict/ofroles HTTP/1.1" 200 468
[2019-11-23 03:13:21,353] [basehttp.py:124] [basehttp:log_message] [INFO]- "PUT /v1/base_dict/users HTTP/1.1" 200 13
[2019-11-23 03:13:21,696] [basehttp.py:124] [basehttp:log_message] [INFO]- "GET /v1/base_dict/users?page=1 HTTP/1.1" 200 516
[2019-11-23 03:13:40,478] [basehttp.py:124] [basehttp:log_message] [INFO]- "PUT /v1/base_dict/users HTTP/1.1" 200 13
[2019-11-23 03:13:40,690] [basehttp.py:124] [basehttp:log_message] [INFO]- "GET /v1/base_dict/users?page=1 HTTP/1.1" 200 516
[2019-11-23 03:14:04,398] [basehttp.py:124] [basehttp:log_message] [INFO]- "PUT /v1/base_dict/users HTTP/1.1" 200 13
[2019-11-23 03:14:04,646] [basehttp.py:124] [basehttp:log_message] [INFO]- "GET /v1/base_dict/users?page=1 HTTP/1.1" 200 522
[2019-11-23 03:14:12,442] [basehttp.py:124] [basehttp:log_message] [INFO]- "PUT /v1/base_dict/users HTTP/1.1" 200 13
[2019-11-23 03:14:12,647] [basehttp.py:124] [basehttp:log_message] [INFO]- "GET /v1/base_dict/users?page=1 HTTP/1.1" 200 528
[2019-11-23 03:14:29,164] [basehttp.py:124] [basehttp:log_message] [INFO]- "POST /v1/base_dict/users HTTP/1.1" 200 13
[2019-11-23 03:14:29,365] [basehttp.py:124] [basehttp:log_message] [INFO]- "GET /v1/base_dict/users?page=1 HTTP/1.1" 200 673
[2019-11-23 03:14:45,049] [basehttp.py:124] [basehttp:log_message] [INFO]- "POST /v1/base_dict/users HTTP/1.1" 200 13
[2019-11-23 03:14:45,254] [basehttp.py:124] [basehttp:log_message] [INFO]- "GET /v1/base_dict/users?page=1 HTTP/1.1" 200 832
[2019-11-23 03:14:48,348] [basehttp.py:124] [basehttp:log_message] [INFO]- "GET /v1/base_dict/users?page=1&roles=40 HTTP/1.1" 200 528
[2019-11-23 03:14:50,079] [basehttp.py:124] [basehttp:log_message] [INFO]- "OPTIONS /v1/base_dict/users?page=1&roles=41 HTTP/1.1" 200 0
[2019-11-23 03:14:50,245] [basehttp.py:124] [basehttp:log_message] [INFO]- "GET /v1/base_dict/users?page=1&roles=41 HTTP/1.1" 200 62
[2019-11-23 03:14:53,549] [basehttp.py:124] [basehttp:log_message] [INFO]- "GET /v1/base_dict/users?page=1&roles=42 HTTP/1.1" 200 457
[2019-11-23 03:14:55,519] [basehttp.py:124] [basehttp:log_message] [INFO]- "GET /v1/base_dict/users?page=1 HTTP/1.1" 200 832
[2019-11-23 03:15:06,144] [basehttp.py:124] [basehttp:log_message] [INFO]- "PUT /v1/base_dict/users HTTP/1.1" 200 13
[2019-11-23 03:15:06,304] [basehttp.py:124] [basehttp:log_message] [INFO]- "GET /v1/base_dict/users?page=1 HTTP/1.1" 200 832
[2019-11-23 03:15:14,317] [basehttp.py:124] [basehttp:log_message] [INFO]- "PUT /v1/base_dict/users HTTP/1.1" 200 13
[2019-11-23 03:15:14,496] [basehttp.py:124] [basehttp:log_message] [INFO]- "GET /v1/base_dict/users?page=1 HTTP/1.1" 200 832
[2019-11-23 03:15:20,512] [basehttp.py:124] [basehttp:log_message] [INFO]- "PUT /v1/base_dict/users HTTP/1.1" 200 13
[2019-11-23 03:15:20,703] [basehttp.py:124] [basehttp:log_message] [INFO]- "PUT /v1/base_dict/users HTTP/1.1" 200 62
[2019-11-23 03:15:20,721] [basehttp.py:124] [basehttp:log_message] [INFO]- "GET /v1/base_dict/users?page=1 HTTP/1.1" 200 832
[2019-11-23 03:15:27,419] [basehttp.py:124] [basehttp:log_message] [INFO]- "PUT /v1/base_dict/users HTTP/1.1" 200 13
[2019-11-23 03:15:27,586] [basehttp.py:124] [basehttp:log_message] [INFO]- "GET /v1/base_dict/users?page=1 HTTP/1.1" 200 832
[2019-11-23 03:15:35,964] [basehttp.py:124] [basehttp:log_message] [INFO]- "PUT /v1/base_dict/users HTTP/1.1" 200 13
[2019-11-23 03:15:36,131] [basehttp.py:124] [basehttp:log_message] [INFO]- "GET /v1/base_dict/users?page=1 HTTP/1.1" 200 832
[2019-11-23 03:15:42,122] [basehttp.py:124] [basehttp:log_message] [INFO]- "PUT /v1/base_dict/users HTTP/1.1" 200 13
[2019-11-23 03:15:42,372] [basehttp.py:124] [basehttp:log_message] [INFO]- "GET /v1/base_dict/users?page=1 HTTP/1.1" 200 832
[2019-11-23 03:15:45,726] [basehttp.py:124] [basehttp:log_message] [INFO]- "GET /v1/base_dict/users?page=1&roles=42 HTTP/1.1" 200 312
[2019-11-23 03:15:49,492] [basehttp.py:124] [basehttp:log_message] [INFO]- "GET /v1/base_dict/users?page=1&roles=41 HTTP/1.1" 200 298
[2019-11-23 03:15:51,237] [basehttp.py:124] [basehttp:log_message] [INFO]- "GET /v1/base_dict/users?page=1&roles=40 HTTP/1.1" 200 528
[2019-11-23 03:15:52,550] [basehttp.py:124] [basehttp:log_message] [INFO]- "GET /v1/base_dict/users?page=1 HTTP/1.1" 200 832
[2019-11-23 03:17:04,108] [basehttp.py:124] [basehttp:log_message] [INFO]- "OPTIONS /v1/base_dict/jurisdiction?pid=30 HTTP/1.1" 200 0
[2019-11-23 03:17:05,169] [basehttp.py:124] [basehttp:log_message] [INFO]- "GET /v1/base_dict/jurisdiction?pid=30 HTTP/1.1" 200 887
[2019-11-23 03:17:05,180] [basehttp.py:124] [basehttp:log_message] [INFO]- "OPTIONS /v1/base_dict/ofroles HTTP/1.1" 200 0
[2019-11-23 03:17:05,183] [basehttp.py:124] [basehttp:log_message] [INFO]- "OPTIONS /v1/base_dict/users?page=1 HTTP/1.1" 200 0
[2019-11-23 03:17:05,355] [basehttp.py:124] [basehttp:log_message] [INFO]- "GET /v1/base_dict/users?page=1 HTTP/1.1" 200 832
[2019-11-23 03:17:05,362] [basehttp.py:124] [basehttp:log_message] [INFO]- "GET /v1/base_dict/ofroles HTTP/1.1" 200 468
[2019-11-23 03:17:08,359] [basehttp.py:124] [basehttp:log_message] [INFO]- "OPTIONS /v1/base_dict/jurisdiction?type=1 HTTP/1.1" 200 0
[2019-11-23 03:17:08,911] [basehttp.py:124] [basehttp:log_message] [INFO]- "GET /v1/base_dict/jurisdiction?type=1 HTTP/1.1" 200 4502
[2019-11-23 03:17:08,921] [basehttp.py:124] [basehttp:log_message] [INFO]- "OPTIONS /v1/base_dict/type?pid=1 HTTP/1.1" 200 0
[2019-11-23 03:17:09,054] [basehttp.py:124] [basehttp:log_message] [INFO]- "GET /v1/base_dict/type?pid=1 HTTP/1.1" 200 248
[2019-11-23 03:17:59,928] [basehttp.py:124] [basehttp:log_message] [INFO]- "GET /v1/base_dict/jurisdiction?type=1 HTTP/1.1" 200 4502
[2019-11-23 03:18:00,066] [basehttp.py:124] [basehttp:log_message] [INFO]- "GET /v1/base_dict/ofroles HTTP/1.1" 200 468
[2019-11-23 03:18:48,692] [basehttp.py:124] [basehttp:log_message] [INFO]- "GET /v1/base_dict/jurisdiction?type=1 HTTP/1.1" 200 4502
[2019-11-23 03:18:51,090] [basehttp.py:124] [basehttp:log_message] [INFO]- "GET /v1/base_dict/jurisdiction?pid=30 HTTP/1.1" 200 887
[2019-11-23 03:18:51,243] [basehttp.py:124] [basehttp:log_message] [INFO]- "GET /v1/base_dict/ofroles HTTP/1.1" 200 468
[2019-11-23 03:18:51,247] [basehttp.py:124] [basehttp:log_message] [INFO]- "GET /v1/base_dict/users?page=1 HTTP/1.1" 200 832
[2019-11-23 03:18:52,090] [basehttp.py:124] [basehttp:log_message] [INFO]- "GET /v1/base_dict/jurisdiction?type=1 HTTP/1.1" 200 4502
[2019-11-23 03:18:52,223] [basehttp.py:124] [basehttp:log_message] [INFO]- "GET /v1/base_dict/ofroles HTTP/1.1" 200 468
[2019-11-23 03:18:52,786] [basehttp.py:124] [basehttp:log_message] [INFO]- "GET /v1/base_dict/jurisdiction?type=1 HTTP/1.1" 200 4502
[2019-11-23 03:18:52,940] [basehttp.py:124] [basehttp:log_message] [INFO]- "GET /v1/base_dict/type?pid=1 HTTP/1.1" 200 248
[2019-11-23 03:18:53,483] [basehttp.py:124] [basehttp:log_message] [INFO]- "GET /v1/base_dict/jurisdiction?type=1 HTTP/1.1" 200 4502
[2019-11-23 03:18:53,613] [basehttp.py:124] [basehttp:log_message] [INFO]- "GET /v1/base_dict/ofroles HTTP/1.1" 200 468
[2019-11-23 03:19:07,254] [basehttp.py:124] [basehttp:log_message] [INFO]- "GET /v1/base_dict/jurisdiction?type=1 HTTP/1.1" 200 4502
[2019-11-23 03:19:10,584] [basehttp.py:124] [basehttp:log_message] [INFO]- "GET /v1/base_dict/jurisdiction?pid=30 HTTP/1.1" 200 887
[2019-11-23 03:19:10,744] [basehttp.py:124] [basehttp:log_message] [INFO]- "GET /v1/base_dict/ofroles HTTP/1.1" 200 468
[2019-11-23 03:19:10,745] [basehttp.py:124] [basehttp:log_message] [INFO]- "GET /v1/base_dict/users?page=1 HTTP/1.1" 200 832
[2019-11-23 03:19:12,099] [basehttp.py:124] [basehttp:log_message] [INFO]- "GET /v1/base_dict/jurisdiction?type=1 HTTP/1.1" 200 4502
[2019-11-23 03:19:12,270] [basehttp.py:124] [basehttp:log_message] [INFO]- "GET /v1/base_dict/type?pid=1 HTTP/1.1" 200 248
[2019-11-23 03:19:12,930] [basehttp.py:124] [basehttp:log_message] [INFO]- "GET /v1/base_dict/jurisdiction?type=1 HTTP/1.1" 200 4502
[2019-11-23 03:19:13,084] [basehttp.py:124] [basehttp:log_message] [INFO]- "GET /v1/base_dict/ofroles HTTP/1.1" 200 468
[2019-11-23 03:19:40,961] [basehttp.py:124] [basehttp:log_message] [INFO]- "GET /v1/base_dict/jurisdiction?type=1 HTTP/1.1" 200 4502
[2019-11-23 03:19:43,636] [basehttp.py:124] [basehttp:log_message] [INFO]- "GET /v1/base_dict/jurisdiction?pid=30 HTTP/1.1" 200 887
[2019-11-23 03:19:43,759] [basehttp.py:124] [basehttp:log_message] [INFO]- "GET /v1/base_dict/ofroles HTTP/1.1" 200 468
[2019-11-23 03:19:43,764] [basehttp.py:124] [basehttp:log_message] [INFO]- "GET /v1/base_dict/users?page=1 HTTP/1.1" 200 832
[2019-11-23 03:19:45,162] [basehttp.py:124] [basehttp:log_message] [INFO]- "GET /v1/base_dict/jurisdiction?type=1 HTTP/1.1" 200 4502
[2019-11-23 03:19:45,289] [basehttp.py:124] [basehttp:log_message] [INFO]- "GET /v1/base_dict/type?pid=1 HTTP/1.1" 200 248
[2019-11-23 03:19:48,519] [basehttp.py:124] [basehttp:log_message] [INFO]- "GET /v1/base_dict/jurisdiction?type=1 HTTP/1.1" 200 4502
[2019-11-23 03:19:48,661] [basehttp.py:124] [basehttp:log_message] [INFO]- "GET /v1/base_dict/ofroles HTTP/1.1" 200 468
[2019-11-23 03:20:07,074] [basehttp.py:124] [basehttp:log_message] [INFO]- "GET /v1/base_dict/jurisdiction?type=1 HTTP/1.1" 200 4502
[2019-11-23 03:20:13,610] [basehttp.py:124] [basehttp:log_message] [INFO]- "GET /v1/base_dict/jurisdiction?pid=30 HTTP/1.1" 200 887
[2019-11-23 03:20:13,770] [basehttp.py:124] [basehttp:log_message] [INFO]- "GET /v1/base_dict/ofroles HTTP/1.1" 200 468
[2019-11-23 03:20:13,775] [basehttp.py:124] [basehttp:log_message] [INFO]- "GET /v1/base_dict/users?page=1 HTTP/1.1" 200 832
[2019-11-23 03:20:14,233] [basehttp.py:124] [basehttp:log_message] [INFO]- "GET /v1/base_dict/jurisdiction?type=1 HTTP/1.1" 200 4502
[2019-11-23 03:20:14,384] [basehttp.py:124] [basehttp:log_message] [INFO]- "GET /v1/base_dict/type?pid=1 HTTP/1.1" 200 248
[2019-11-23 03:20:15,490] [basehttp.py:124] [basehttp:log_message] [INFO]- "GET /v1/base_dict/jurisdiction?type=1 HTTP/1.1" 200 4502
[2019-11-23 03:20:15,649] [basehttp.py:124] [basehttp:log_message] [INFO]- "GET /v1/base_dict/ofroles HTTP/1.1" 200 468
[2019-11-23 03:20:34,841] [basehttp.py:124] [basehttp:log_message] [INFO]- "GET /v1/base_dict/jurisdiction?type=1 HTTP/1.1" 200 4502
[2019-11-23 03:20:37,134] [basehttp.py:124] [basehttp:log_message] [INFO]- "GET /v1/base_dict/jurisdiction?pid=30 HTTP/1.1" 200 887
[2019-11-23 03:20:37,305] [basehttp.py:124] [basehttp:log_message] [INFO]- "GET /v1/base_dict/ofroles HTTP/1.1" 200 468
[2019-11-23 03:20:37,315] [basehttp.py:124] [basehttp:log_message] [INFO]- "GET /v1/base_dict/users?page=1 HTTP/1.1" 200 832
[2019-11-23 03:20:39,233] [basehttp.py:124] [basehttp:log_message] [INFO]- "GET /v1/base_dict/jurisdiction?type=1 HTTP/1.1" 200 4502
[2019-11-23 03:20:39,413] [basehttp.py:124] [basehttp:log_message] [INFO]- "GET /v1/base_dict/type?pid=1 HTTP/1.1" 200 248
[2019-11-23 03:20:41,424] [basehttp.py:124] [basehttp:log_message] [INFO]- "GET /v1/base_dict/jurisdiction?type=1 HTTP/1.1" 200 4502
[2019-11-23 03:20:41,583] [basehttp.py:124] [basehttp:log_message] [INFO]- "GET /v1/base_dict/ofroles HTTP/1.1" 200 468
[2019-11-23 03:20:54,796] [basehttp.py:124] [basehttp:log_message] [INFO]- "GET /v1/base_dict/jurisdiction?type=1 HTTP/1.1" 200 4502
[2019-11-23 03:20:57,479] [basehttp.py:124] [basehttp:log_message] [INFO]- "GET /v1/base_dict/jurisdiction?pid=30 HTTP/1.1" 200 887
[2019-11-23 03:20:57,687] [basehttp.py:124] [basehttp:log_message] [INFO]- "GET /v1/base_dict/users?page=1 HTTP/1.1" 200 832
[2019-11-23 03:20:57,694] [basehttp.py:124] [basehttp:log_message] [INFO]- "GET /v1/base_dict/ofroles HTTP/1.1" 200 468
[2019-11-23 03:20:58,890] [basehttp.py:124] [basehttp:log_message] [INFO]- "GET /v1/base_dict/jurisdiction?type=1 HTTP/1.1" 200 4502
[2019-11-23 03:20:59,012] [basehttp.py:124] [basehttp:log_message] [INFO]- "GET /v1/base_dict/type?pid=1 HTTP/1.1" 200 248
[2019-11-23 03:21:02,215] [basehttp.py:124] [basehttp:log_message] [INFO]- "GET /v1/base_dict/jurisdiction?type=1 HTTP/1.1" 200 4502
[2019-11-23 03:21:02,384] [basehttp.py:124] [basehttp:log_message] [INFO]- "GET /v1/base_dict/ofroles HTTP/1.1" 200 468
[2019-11-23 03:22:25,977] [basehttp.py:124] [basehttp:log_message] [INFO]- "GET /v1/base_dict/jurisdiction?type=1 HTTP/1.1" 200 4502
[2019-11-23 03:22:28,398] [basehttp.py:124] [basehttp:log_message] [INFO]- "GET /v1/base_dict/jurisdiction?pid=30 HTTP/1.1" 200 887
[2019-11-23 03:22:28,540] [basehttp.py:124] [basehttp:log_message] [INFO]- "GET /v1/base_dict/ofroles HTTP/1.1" 200 468
[2019-11-23 03:22:28,543] [basehttp.py:124] [basehttp:log_message] [INFO]- "GET /v1/base_dict/users?page=1 HTTP/1.1" 200 832
[2019-11-23 03:22:30,069] [basehttp.py:124] [basehttp:log_message] [INFO]- "GET /v1/base_dict/jurisdiction?type=1 HTTP/1.1" 200 4502
[2019-11-23 03:22:30,194] [basehttp.py:124] [basehttp:log_message] [INFO]- "GET /v1/base_dict/type?pid=1 HTTP/1.1" 200 248
[2019-11-23 03:22:33,830] [basehttp.py:124] [basehttp:log_message] [INFO]- "GET /v1/base_dict/jurisdiction?type=1 HTTP/1.1" 200 4502
[2019-11-23 03:22:33,994] [basehttp.py:124] [basehttp:log_message] [INFO]- "GET /v1/base_dict/ofroles HTTP/1.1" 200 468
[2019-11-23 03:22:56,895] [basehttp.py:124] [basehttp:log_message] [INFO]- "PUT /v1/base_dict/ofroles HTTP/1.1" 200 13
[2019-11-23 03:22:57,851] [basehttp.py:124] [basehttp:log_message] [INFO]- "GET /v1/base_dict/ofroles HTTP/1.1" 200 472
[2019-11-23 03:23:08,395] [basehttp.py:124] [basehttp:log_message] [INFO]- "PUT /v1/base_dict/ofroles HTTP/1.1" 200 13
[2019-11-23 03:23:09,482] [basehttp.py:124] [basehttp:log_message] [INFO]- "GET /v1/base_dict/ofroles HTTP/1.1" 200 472
[2019-11-23 03:23:29,127] [basehttp.py:124] [basehttp:log_message] [INFO]- "GET /v1/base_dict/jurisdiction?type=1 HTTP/1.1" 200 4502
[2019-11-23 03:23:29,270] [basehttp.py:124] [basehttp:log_message] [INFO]- "GET /v1/base_dict/type?pid=1 HTTP/1.1" 200 248
[2019-11-23 03:23:48,479] [basehttp.py:124] [basehttp:log_message] [INFO]- "OPTIONS /v1/base_dict/jurisdiction HTTP/1.1" 200 0
[2019-11-23 03:23:48,671] [basehttp.py:124] [basehttp:log_message] [INFO]- "DELETE /v1/base_dict/jurisdiction HTTP/1.1" 200 51
[2019-11-23 03:23:52,698] [basehttp.py:124] [basehttp:log_message] [INFO]- "GET /v1/base_dict/jurisdiction?type=1 HTTP/1.1" 200 4364
[2019-11-23 03:23:52,820] [basehttp.py:124] [basehttp:log_message] [INFO]- "GET /v1/base_dict/ofroles HTTP/1.1" 200 472
[2019-11-23 03:24:08,145] [basehttp.py:124] [basehttp:log_message] [INFO]- "PUT /v1/base_dict/ofroles HTTP/1.1" 200 13
[2019-11-23 03:24:09,414] [basehttp.py:124] [basehttp:log_message] [INFO]- "GET /v1/base_dict/ofroles HTTP/1.1" 200 476
[2019-11-23 03:24:25,031] [basehttp.py:124] [basehttp:log_message] [INFO]- "PUT /v1/base_dict/ofroles HTTP/1.1" 200 13
[2019-11-23 03:24:26,192] [basehttp.py:124] [basehttp:log_message] [INFO]- "GET /v1/base_dict/ofroles HTTP/1.1" 200 444
[2019-11-23 03:25:11,552] [basehttp.py:124] [basehttp:log_message] [INFO]- "PUT /v1/base_dict/ofroles HTTP/1.1" 200 13
[2019-11-23 03:25:12,847] [basehttp.py:124] [basehttp:log_message] [INFO]- "GET /v1/base_dict/ofroles HTTP/1.1" 200 432
[2019-11-23 03:25:44,502] [basehttp.py:124] [basehttp:log_message] [INFO]- "GET /v1/base_dict/jurisdiction?type=1 HTTP/1.1" 200 4364
[2019-11-23 03:25:44,643] [basehttp.py:124] [basehttp:log_message] [INFO]- "GET /v1/base_dict/type?pid=1 HTTP/1.1" 200 248
[2019-11-23 03:25:52,454] [basehttp.py:124] [basehttp:log_message] [INFO]- "GET /v1/base_dict/jurisdiction?pid=30 HTTP/1.1" 200 887
[2019-11-23 03:25:52,613] [basehttp.py:124] [basehttp:log_message] [INFO]- "GET /v1/base_dict/users?page=1 HTTP/1.1" 200 832
[2019-11-23 03:25:52,622] [basehttp.py:124] [basehttp:log_message] [INFO]- "GET /v1/base_dict/ofroles HTTP/1.1" 200 432
[2019-11-23 03:26:02,458] [basehttp.py:124] [basehttp:log_message] [INFO]- "GET /v1/base_dict/jurisdiction?pid=30 HTTP/1.1" 200 887
[2019-11-23 03:26:02,600] [basehttp.py:124] [basehttp:log_message] [INFO]- "GET /v1/base_dict/ofroles HTTP/1.1" 200 432
[2019-11-23 03:26:02,628] [basehttp.py:124] [basehttp:log_message] [INFO]- "GET /v1/base_dict/users?page=1 HTTP/1.1" 200 832
[2019-11-23 03:28:27,606] [basehttp.py:124] [basehttp:log_message] [INFO]- "GET /v1/base_dict/jurisdiction?type=1 HTTP/1.1" 200 4364
[2019-11-23 03:29:12,013] [basehttp.py:124] [basehttp:log_message] [INFO]- "GET /v1/base_dict/jurisdiction?type=1 HTTP/1.1" 200 4364
[2019-11-23 03:29:52,116] [basehttp.py:124] [basehttp:log_message] [INFO]- "GET /v1/base_dict/jurisdiction?type=1 HTTP/1.1" 200 4364
[2019-11-23 03:29:56,101] [basehttp.py:124] [basehttp:log_message] [INFO]- "GET /v1/base_dict/jurisdiction?type=1 HTTP/1.1" 200 4364
[2019-11-23 03:30:04,164] [basehttp.py:124] [basehttp:log_message] [INFO]- "GET /v1/base_dict/jurisdiction?type=1 HTTP/1.1" 200 4364
[2019-11-23 03:30:15,794] [basehttp.py:124] [basehttp:log_message] [INFO]- "GET /v1/base_dict/jurisdiction?type=1 HTTP/1.1" 200 4364
